{"status":"error","message":"Invalid request method."}
{"status":"error","message":"Invalid request method."}
{"status":"error","message":"Invalid request method."}
{"status":"success","message":"Email sent successfully."}
{"status":"success","message":"Email sent successfully."}
{"status":"success","message":"Email sent successfully."}
{"status":"success","message":"Email sent successfully."}
{"status":"success","message":"Email sent successfully."}
{"status":"success","message":"Email sent successfully."}
{"status":"error","message":"Invalid request method."}
{"status":"error","message":"Invalid request method."}
{"status":"error","message":"Invalid request method."}
{"status":"success","message":"Email sent successfully."}
{"status":"success","message":"Email sent successfully."}
{"status":"success","message":"Email sent successfully."}
{"status":"error","message":"Invalid request method."}
{"status":"success","message":"Email sent successfully."}
{"status":"success","message":"Email sent successfully."}
{"status":"success","message":"Email sent successfully."}
{"status":"success","message":"Email sent successfully."}
{"status":"success","message":"Email sent successfully."}
{"status":"success","message":"Email sent successfully."}
{"status":"success","message":"Email sent successfully."}
{"status":"success","message":"Email sent successfully."}
{"status":"success","message":"Email sent successfully."}
{"status":"success","message":"Email sent successfully."}
{"status":"success","message":"Email sent successfully."}
{"status":"success","message":"Email sent successfully."}
{"status":"success","message":"Email sent successfully."}
{"status":"success","message":"Email sent successfully."}
{"status":"error","message":"Invalid request."}
{"status":"error","message":"Invalid request."}
{"status":"error","message":"Invalid request."}
{"status":"error","message":"Invalid request."}
{"status":"error","message":"Invalid request."}
{"status":"error","message":"Invalid request method."}
{"status":"error","message":"Invalid request."}
{"status":"error","message":"Invalid request."}
{"status":"error","message":"Invalid request."}
{"status":"success","message":"Email sent successfully."}
{"status":"error","message":"Invalid request."}
{"status":"error","message":"Invalid request."}
{"status":"error","message":"Invalid request."}
{"status":"error","message":"Invalid request."}
{"status":"error","message":"Invalid request."}
{"status":"error","message":"Invalid request."}
{"status":"error","message":"Invalid request."}
{"status":"error","message":"Invalid request."}
{"status":"error","message":"Invalid request."}
{"status":"error","message":"Invalid request."}
{"status":"error","message":"Invalid request."}
{"status":"error","message":"Invalid request."}
{"status":"error","message":"Invalid request."}
{"status":"error","message":"Invalid request."}
{"status":"success","message":"Email sent successfully."}
{"status":"success","message":"Email sent successfully."}
{"status":"error","message":"Invalid request."}
{"status":"error","message":"Invalid request."}
{"status":"error","message":"Invalid request."}
{"status":"error","message":"Invalid request."}
{"status":"error","message":"Invalid request."}
{"status":"error","message":"Invalid request."}
{"status":"success","message":"Email sent successfully."}
{"status":"success","message":"Email sent successfully."}
{"status":"success","message":"Email sent successfully."}
{"status":"error","message":"Invalid email address."}
{"status":"error","message":"Invalid email address."}
{"status":"error","message":"Invalid email address."}
{"status":"success","message":"Email sent successfully."}
{"status":"success","message":"Email sent successfully."}
{"status":"success","message":"Email sent successfully."}
{"status":"success","message":"Email sent successfully."}
{"status":"success","message":"Email sent successfully."}
{"status":"success","message":"Email sent successfully."}
{"status":"success","message":"Email sent successfully."}
{"status":"success","message":"Email sent successfully."}
{"status":"success","message":"Email sent successfully."}
{"status":"success","message":"Email sent successfully."}
{"status":"success","message":"Email sent successfully."}
{"status":"success","message":"Email sent successfully."}
{"status":"success","message":"Email sent successfully."}
{"status":"success","message":"Email sent successfully."}
{"status":"success","message":"Email sent successfully."}
{"status":"success","message":"Email sent successfully."}
{"status":"success","message":"Email sent successfully."}
{"status":"success","message":"Email sent successfully."}
{"status":"success","message":"Email sent successfully."}
{"status":"success","message":"Email sent successfully."}
{"status":"success","message":"Email sent successfully."}
{"status":"success","message":"Email sent successfully."}
{"status":"success","message":"Email sent successfully."}
{"status":"success","message":"Email sent successfully."}
{"status":"success","message":"Email sent successfully."}
{"status":"success","message":"Email sent successfully."}
{"status":"success","message":"Email sent successfully."}
{"status":"success","message":"Email sent successfully."}
{"status":"success","message":"Email sent successfully."}
{"status":"success","message":"Email sent successfully."}
{"status":"success","message":"Email sent successfully."}
{"status":"error","message":"Invalid request method. Only POST is allowed."}
{"status":"error","message":"Invalid request method. Only POST is allowed."}
{"status":"error","message":"Invalid request method. Only POST is allowed."}
{"status":"error","message":"Invalid request method. Only POST is allowed."}
{"status":"error","message":"Invalid request method. Only POST is allowed."}
{"status":"error","message":"Invalid request method. Only POST is allowed."}
{"status":"error","message":"Missing parameters (to, subject, message, or apikey)."}
{"status":"error","message":"Invalid request method. Only POST is allowed."}
{"status":"error","message":"Invalid request method. Only POST is allowed."}
{"status":"error","message":"Invalid request method. Only POST is allowed."}
{"status":"error","message":"Missing parameters (to, subject, message, or apikey)."}
{"status":"success","message":"Email sent successfully."}
{"status":"success","message":"Email sent successfully."}
{"status":"success","message":"Email sent successfully."}
{"status":"success","message":"Email sent successfully."}
{"status":"success","message":"Email sent successfully."}
{"status":"success","message":"Email sent successfully."}
{"status":"error","message":"Missing parameters (to, subject, message, or apikey)."}
{"status":"error","message":"Missing parameters (to, subject, message, or apikey)."}
{"status":"error","message":"Invalid request method. Only POST is allowed."}
{"status":"error","message":"Invalid email address."}
{"status":"error","message":"Invalid email address."}
